<?xml version="1.0" encoding="UTF-8"?>
<testng-results ignored="0" total="1" passed="1" failed="0" skipped="0">
  <reporter-output>
  </reporter-output>
  <suite started-at="2024-12-14T18:18:07 IST" name="Suite" finished-at="2024-12-14T18:18:14 IST" duration-ms="7317">
    <groups>
    </groups>
    <test started-at="2024-12-14T18:18:07 IST" name="Test" finished-at="2024-12-14T18:18:14 IST" duration-ms="7317">
      <class name="com.stc.SeleniumTest.SearchTest">
        <test-method is-config="true" signature="tearUp()[pri:0, instance:com.stc.SeleniumTest.SearchTest@343570b7]" started-at="2024-12-14T18:18:07 IST" name="tearUp" finished-at="2024-12-14T18:18:10 IST" duration-ms="2658" status="PASS">
          <reporter-output>
          </reporter-output>
        </test-method> <!-- tearUp -->
        <test-method signature="f()[pri:0, instance:com.stc.SeleniumTest.SearchTest@343570b7]" started-at="2024-12-14T18:18:10 IST" name="f" finished-at="2024-12-14T18:18:14 IST" duration-ms="4406" status="PASS">
          <reporter-output>
          </reporter-output>
        </test-method> <!-- f -->
        <test-method is-config="true" signature="tearDown()[pri:0, instance:com.stc.SeleniumTest.SearchTest@343570b7]" started-at="2024-12-14T18:18:14 IST" name="tearDown" finished-at="2024-12-14T18:18:14 IST" duration-ms="203" status="PASS">
          <reporter-output>
          </reporter-output>
        </test-method> <!-- tearDown -->
      </class> <!-- com.stc.SeleniumTest.SearchTest -->
    </test> <!-- Test -->
  </suite> <!-- Suite -->
</testng-results>
